[debug] [2023-11-19T06:48:37.076Z] : 
[debug] [2023-11-19T06:48:37.077Z] : ----------------------------------------------------------------------
[debug] [2023-11-19T06:48:37.077Z] : Command:      C:\Program Files\nodejs\node.exe C:\Users\HP\AppData\Roaming\npm\node_modules\zcatalyst-cli\lib\bin\catalyst.js deploy
[debug] [2023-11-19T06:48:37.078Z] : CLI Version:  1.16.2
[debug] [2023-11-19T06:48:37.078Z] : Platform:     win32
[debug] [2023-11-19T06:48:37.078Z] : Node Version: v18.18.1
[debug] [2023-11-19T06:48:37.079Z] : Time:         Sun Nov 19 2023 12:18:37 GMT+0530 (India Standard Time)
[debug] [2023-11-19T06:48:37.079Z] : ----------------------------------------------------------------------
[debug] [2023-11-19T06:48:37.079Z] : 
[debug] [2023-11-19T06:48:37.686Z] : > authorizing via signed-in user option
[debug] [2023-11-19T06:48:37.686Z] : > command requires scopes: ["ZohoCatalyst.projects.ALL","ZohoCatalyst.functions.ALL","ZohoCatalyst.webapp.ALL","ZohoCatalyst.appsail.Update"]
[debug] [2023-11-19T06:48:37.696Z] : >>>> HTTP REQUEST : GET https://api.catalyst.zoho.com/baas/v1/project/4548000000005065 

[debug] [2023-11-19T06:48:38.888Z] : <<<< HTTP RESPONSE : 200
Response Headers: {"server":"ZGS","date":"Sun, 19 Nov 2023 06:48:39 GMT","content-type":"application/vnd.catalyst.v2+json","transfer-encoding":"chunked","connection":"close","set-cookie":["46512fd555=ba2a1b22f2a5e14b0d2647f7e38884fc; Path=/","ZD_CSRF_TOKEN=3ff2570f-67eb-410b-bb89-e5f90a2d207b;path=/;SameSite=None;Secure;priority=high","_zcsr_tmp=3ff2570f-67eb-410b-bb89-e5f90a2d207b;path=/;SameSite=Strict;Secure;priority=high"],"x-content-type-options":"nosniff","x-xss-protection":"1","cache-control":"private,no-cache,no-store,max-age=0,must-revalidate","pragma":"no-cache","expires":"Thu, 01 Jan 1970 00:00:00 GMT","x-frame-options":"DENY","strict-transport-security":"max-age=63072000"}

[debug] [2023-11-19T06:48:38.891Z] : >>>> HTTP REQUEST : GET https://api.catalyst.zoho.com/baas/v1/project/4548000000005065/environment 

[debug] [2023-11-19T06:48:40.014Z] : <<<< HTTP RESPONSE : 200
Response Headers: {"server":"ZGS","date":"Sun, 19 Nov 2023 06:48:40 GMT","content-type":"application/vnd.catalyst.v2+json","transfer-encoding":"chunked","connection":"close","set-cookie":["46512fd555=ba2a1b22f2a5e14b0d2647f7e38884fc; Path=/","ZD_CSRF_TOKEN=474e6544-7ba9-46d3-b6ff-3f438f0cfb7e;path=/;SameSite=None;Secure;priority=high","_zcsr_tmp=474e6544-7ba9-46d3-b6ff-3f438f0cfb7e;path=/;SameSite=Strict;Secure;priority=high"],"x-content-type-options":"nosniff","x-xss-protection":"1","cache-control":"private,no-cache,no-store,max-age=0,must-revalidate","pragma":"no-cache","expires":"Thu, 01 Jan 1970 00:00:00 GMT","x-frame-options":"DENY","strict-transport-security":"max-age=63072000"}

[debug] [2023-11-19T06:48:40.026Z] : >>>> HTTP REQUEST : GET https://api.catalyst.zoho.com/baas/v1/project/4548000000005065/function 
Query params: {"type":"basicio,event,cron,applogic,integration,browser_logic"}

[debug] [2023-11-19T06:48:41.140Z] : <<<< HTTP RESPONSE : 200
Response Headers: {"server":"ZGS","date":"Sun, 19 Nov 2023 06:48:41 GMT","content-type":"application/vnd.catalyst.v2+json","transfer-encoding":"chunked","connection":"close","set-cookie":["46512fd555=04d9a2d1e2e86744f9516a3e9f805f56; Path=/","ZD_CSRF_TOKEN=95c56e75-4d39-42bd-8b28-75887a23ac48;path=/;SameSite=None;Secure;priority=high","_zcsr_tmp=95c56e75-4d39-42bd-8b28-75887a23ac48;path=/;SameSite=Strict;Secure;priority=high"],"x-content-type-options":"nosniff","x-xss-protection":"1","cache-control":"private,no-cache,no-store,max-age=0,must-revalidate","pragma":"no-cache","expires":"Thu, 01 Jan 1970 00:00:00 GMT","x-frame-options":"DENY","strict-transport-security":"max-age=63072000"}

[debug] [2023-11-19T06:48:41.143Z] : unknown eol undefined hence skipping check
[info] [2023-11-19T06:48:41.670Z] : Compiling E:\catalyst\functions\Infosight_Pro\Main.java
[info] [2023-11-19T06:48:41.679Z] : Compiling E:\catalyst\functions\Infosight_Pro\com\handlers\BotHandler.java
[info] [2023-11-19T06:48:41.684Z] : Compiling E:\catalyst\functions\Infosight_Pro\com\handlers\CommandHandler.java
[info] [2023-11-19T06:48:41.691Z] : Compiling E:\catalyst\functions\Infosight_Pro\com\handlers\MessageActionHandler.java
[info] [2023-11-19T06:48:41.696Z] : Compiling E:\catalyst\functions\Infosight_Pro\com\handlers\WidgetHandler.java
[info] [2023-11-19T06:48:41.702Z] : Compiling E:\catalyst\functions\Infosight_Pro\com\handlers\FunctionHandler.java
[info] [2023-11-19T06:48:41.710Z] : Compiling E:\catalyst\functions\Infosight_Pro\com\handlers\InstallationHandler.java
[info] [2023-11-19T06:48:41.721Z] : Compiling E:\catalyst\functions\Infosight_Pro\com\handlers\InstallationValidator.java
[debug] [2023-11-19T06:48:44.939Z] : >>>> HTTP REQUEST : PUT https://api.catalyst.zoho.com/baas/v1/project/4548000000005065/function/upsert 

